<?xml version="1.0" encoding="UTF-8"?>
<!-- Generated by org.testng.reporters.JUnitReportReporter -->
<testsuite hostname="DESKTOP-8SHRJBH" failures="0" tests="1" name="Prac1.DemoTest2" time="0.017" errors="0" timestamp="2021-12-10T12:49:29 IST" skipped="0">
  <testcase classname="Prac1.DemoTest2" name="demoTest2" time="0.017"/>
  <system-out/>
</testsuite> <!-- Prac1.DemoTest2 -->
