<?xml version="1.0" encoding="UTF-8"?>
<!-- Generated by org.testng.reporters.JUnitReportReporter -->
<testsuite hostname="DESKTOP-8SHRJBH" failures="0" tests="1" name="Prac1.Demo1" time="0.014" errors="0" timestamp="2021-12-09T16:35:24 IST" skipped="0">
  <testcase classname="Prac1.Demo1" name="demo1" time="0.014"/>
  <system-out/>
</testsuite> <!-- Prac1.Demo1 -->
